# Logfile created on 2014-06-03 19:59:42 -0300 by logger.rb/41954
I, [2014-06-03T19:59:42.995593 #81423]  INFO -- : 0:  bundler (1.5.1) from /Users/aldo/.rvm/gems/ruby-2.0.0-p353@global/specifications/bundler-1.5.1.gemspec
I, [2014-06-03T19:59:42.995892 #81423]  INFO -- : 0:  multipart-post (1.2.0) from /Users/aldo/.rvm/gems/ruby-2.0.0-p353/specifications/multipart-post-1.2.0.gemspec
I, [2014-06-03T19:59:42.996078 #81423]  INFO -- : 0:  faraday (0.8.9) from /Users/aldo/.rvm/gems/ruby-2.0.0-p353/specifications/faraday-0.8.9.gemspec
I, [2014-06-03T19:59:42.996262 #81423]  INFO -- : 0:  faraday_middleware (0.9.1) from /Users/aldo/.rvm/gems/ruby-2.0.0-p353/specifications/faraday_middleware-0.9.1.gemspec
I, [2014-06-03T19:59:42.996445 #81423]  INFO -- : 0:  hashie (2.0.5) from /Users/aldo/.rvm/gems/ruby-2.0.0-p353/specifications/hashie-2.0.5.gemspec
I, [2014-06-03T19:59:45.557416 #81423]  INFO -- : 0:  httpclient (2.3.4.1) from /Users/aldo/.rvm/gems/ruby-2.0.0-p353/specifications/httpclient-2.3.4.1.gemspec
I, [2014-06-03T19:59:45.557713 #81423]  INFO -- : 0:  json (1.8.1) from /Users/aldo/.rvm/gems/ruby-2.0.0-p353/specifications/json-1.8.1.gemspec
I, [2014-06-03T19:59:45.557911 #81423]  INFO -- : 0:  restforce (1.4.3) from /Users/aldo/.rvm/gems/ruby-2.0.0-p353/specifications/restforce-1.4.3.gemspec
I, [2014-06-03T19:59:48.416522 #81423]  INFO -- : 0:  soap4r (1.5.8) from /Users/aldo/.rvm/gems/ruby-2.0.0-p353/specifications/soap4r-1.5.8.gemspec
I, [2014-06-03T20:13:44.711131 #82707]  INFO -- : 0:  builder (3.2.2) from /Users/aldo/.rvm/gems/ruby-2.0.0-p353/specifications/builder-3.2.2.gemspec
I, [2014-06-03T20:13:46.609802 #82707]  INFO -- : 0:  gyoku (1.1.1) from /Users/aldo/.rvm/gems/ruby-2.0.0-p353/specifications/gyoku-1.1.1.gemspec
I, [2014-06-03T20:13:48.316461 #82707]  INFO -- : 0:  mini_portile (0.6.0) from /Users/aldo/.rvm/gems/ruby-2.0.0-p353/specifications/mini_portile-0.6.0.gemspec
I, [2014-06-03T20:14:41.264656 #82707]  INFO -- : 0:  nokogiri (1.6.2.1) from /Users/aldo/.rvm/gems/ruby-2.0.0-p353/specifications/nokogiri-1.6.2.1.gemspec
I, [2014-06-03T20:14:43.909417 #82707]  INFO -- : 0:  akami (1.2.2) from /Users/aldo/.rvm/gems/ruby-2.0.0-p353/specifications/akami-1.2.2.gemspec
I, [2014-06-03T20:14:43.909702 #82707]  INFO -- : 0:  bundler (1.5.1) from /Users/aldo/.rvm/gems/ruby-2.0.0-p353@global/specifications/bundler-1.5.1.gemspec
I, [2014-06-03T20:14:43.909939 #82707]  INFO -- : 0:  multipart-post (1.2.0) from /Users/aldo/.rvm/gems/ruby-2.0.0-p353/specifications/multipart-post-1.2.0.gemspec
I, [2014-06-03T20:14:43.910157 #82707]  INFO -- : 0:  faraday (0.8.9) from /Users/aldo/.rvm/gems/ruby-2.0.0-p353/specifications/faraday-0.8.9.gemspec
I, [2014-06-03T20:14:43.910373 #82707]  INFO -- : 0:  faraday_middleware (0.9.1) from /Users/aldo/.rvm/gems/ruby-2.0.0-p353/specifications/faraday_middleware-0.9.1.gemspec
I, [2014-06-03T20:14:43.910591 #82707]  INFO -- : 0:  hashie (2.0.5) from /Users/aldo/.rvm/gems/ruby-2.0.0-p353/specifications/hashie-2.0.5.gemspec
I, [2014-06-03T20:14:43.910803 #82707]  INFO -- : 0:  rack (1.5.2) from /Users/aldo/.rvm/gems/ruby-2.0.0-p353/specifications/rack-1.5.2.gemspec
I, [2014-06-03T20:14:45.788642 #82707]  INFO -- : 0:  rubyntlm (0.3.4) from /Users/aldo/.rvm/gems/ruby-2.0.0-p353/specifications/rubyntlm-0.3.4.gemspec
I, [2014-06-03T20:14:47.874649 #82707]  INFO -- : 0:  httpi (2.1.0) from /Users/aldo/.rvm/gems/ruby-2.0.0-p353/specifications/httpi-2.1.0.gemspec
I, [2014-06-03T20:14:47.874957 #82707]  INFO -- : 0:  json (1.8.1) from /Users/aldo/.rvm/gems/ruby-2.0.0-p353/specifications/json-1.8.1.gemspec
I, [2014-06-03T20:14:49.756247 #82707]  INFO -- : 0:  systemu (2.6.4) from /Users/aldo/.rvm/gems/ruby-2.0.0-p353/specifications/systemu-2.6.4.gemspec
I, [2014-06-03T20:14:51.518752 #82707]  INFO -- : 0:  macaddr (1.7.1) from /Users/aldo/.rvm/gems/ruby-2.0.0-p353/specifications/macaddr-1.7.1.gemspec
I, [2014-06-03T20:14:53.684439 #82707]  INFO -- : 0:  mime-types (1.25.1) from /Users/aldo/.rvm/gems/ruby-2.0.0-p353/specifications/mime-types-1.25.1.gemspec
I, [2014-06-03T20:14:55.572561 #82707]  INFO -- : 0:  nori (2.4.0) from /Users/aldo/.rvm/gems/ruby-2.0.0-p353/specifications/nori-2.4.0.gemspec
I, [2014-06-03T20:14:55.572848 #82707]  INFO -- : 0:  restforce (1.4.3) from /Users/aldo/.rvm/gems/ruby-2.0.0-p353/specifications/restforce-1.4.3.gemspec
I, [2014-06-03T20:14:57.460039 #82707]  INFO -- : 0:  uuid (2.3.7) from /Users/aldo/.rvm/gems/ruby-2.0.0-p353/specifications/uuid-2.3.7.gemspec
I, [2014-06-03T20:15:00.073868 #82707]  INFO -- : 0:  wasabi (3.3.0) from /Users/aldo/.rvm/gems/ruby-2.0.0-p353/specifications/wasabi-3.3.0.gemspec
I, [2014-06-03T20:15:02.410268 #82707]  INFO -- : 0:  savon (2.5.1) from /Users/aldo/.rvm/gems/ruby-2.0.0-p353/specifications/savon-2.5.1.gemspec
I, [2014-06-04T19:54:13.576633 #8106]  INFO -- : 0:  addressable (2.3.6) from /Users/aldo/.rvm/gems/ruby-2.0.0-p353/specifications/addressable-2.3.6.gemspec
I, [2014-06-04T19:54:13.577181 #8106]  INFO -- : 0:  builder (3.2.2) from /Users/aldo/.rvm/gems/ruby-2.0.0-p353/specifications/builder-3.2.2.gemspec
I, [2014-06-04T19:54:13.577371 #8106]  INFO -- : 0:  gyoku (1.1.1) from /Users/aldo/.rvm/gems/ruby-2.0.0-p353/specifications/gyoku-1.1.1.gemspec
I, [2014-06-04T19:54:13.577560 #8106]  INFO -- : 0:  mini_portile (0.6.0) from /Users/aldo/.rvm/gems/ruby-2.0.0-p353/specifications/mini_portile-0.6.0.gemspec
I, [2014-06-04T19:54:13.577739 #8106]  INFO -- : 0:  nokogiri (1.6.2.1) from /Users/aldo/.rvm/gems/ruby-2.0.0-p353/specifications/nokogiri-1.6.2.1.gemspec
I, [2014-06-04T19:54:13.577917 #8106]  INFO -- : 0:  akami (1.2.2) from /Users/aldo/.rvm/gems/ruby-2.0.0-p353/specifications/akami-1.2.2.gemspec
I, [2014-06-04T19:54:13.578099 #8106]  INFO -- : 0:  bundler (1.5.1) from /Users/aldo/.rvm/gems/ruby-2.0.0-p353@global/specifications/bundler-1.5.1.gemspec
I, [2014-06-04T19:54:16.022563 #8106]  INFO -- : 0:  cookiejar (0.3.2) from /Users/aldo/.rvm/gems/ruby-2.0.0-p353/specifications/cookiejar-0.3.2.gemspec
I, [2014-06-04T19:54:16.022903 #8106]  INFO -- : 0:  eventmachine (1.0.3) from /Users/aldo/.rvm/gems/ruby-2.0.0-p353/specifications/eventmachine-1.0.3.gemspec
I, [2014-06-04T19:54:18.096925 #8106]  INFO -- : 0:  em-socksify (0.3.0) from /Users/aldo/.rvm/gems/ruby-2.0.0-p353/specifications/em-socksify-0.3.0.gemspec
I, [2014-06-04T19:54:21.828825 #8106]  INFO -- : 0:  http_parser.rb (0.6.0) from /Users/aldo/.rvm/gems/ruby-2.0.0-p353/specifications/http_parser.rb-0.6.0.gemspec
I, [2014-06-04T19:54:24.712442 #8106]  INFO -- : 0:  em-http-request (1.1.2) from /Users/aldo/.rvm/gems/ruby-2.0.0-p353/specifications/em-http-request-1.1.2.gemspec
I, [2014-06-04T19:54:24.712753 #8106]  INFO -- : 0:  multipart-post (1.2.0) from /Users/aldo/.rvm/gems/ruby-2.0.0-p353/specifications/multipart-post-1.2.0.gemspec
I, [2014-06-04T19:54:24.712948 #8106]  INFO -- : 0:  faraday (0.8.9) from /Users/aldo/.rvm/gems/ruby-2.0.0-p353/specifications/faraday-0.8.9.gemspec
I, [2014-06-04T19:54:24.713149 #8106]  INFO -- : 0:  faraday_middleware (0.9.1) from /Users/aldo/.rvm/gems/ruby-2.0.0-p353/specifications/faraday_middleware-0.9.1.gemspec
I, [2014-06-04T19:54:26.871443 #8106]  INFO -- : 0:  websocket-driver (0.3.3) from /Users/aldo/.rvm/gems/ruby-2.0.0-p353/specifications/websocket-driver-0.3.3.gemspec
I, [2014-06-04T19:54:28.911504 #8106]  INFO -- : 0:  faye-websocket (0.7.3) from /Users/aldo/.rvm/gems/ruby-2.0.0-p353/specifications/faye-websocket-0.7.3.gemspec
I, [2014-06-04T19:54:28.911831 #8106]  INFO -- : 0:  multi_json (1.10.1) from /Users/aldo/.rvm/gems/ruby-2.0.0-p353/specifications/multi_json-1.10.1.gemspec
I, [2014-06-04T19:54:28.912038 #8106]  INFO -- : 0:  rack (1.5.2) from /Users/aldo/.rvm/gems/ruby-2.0.0-p353/specifications/rack-1.5.2.gemspec
I, [2014-06-04T19:54:31.353447 #8106]  INFO -- : 0:  faye (1.0.1) from /Users/aldo/.rvm/gems/ruby-2.0.0-p353/specifications/faye-1.0.1.gemspec
I, [2014-06-04T19:54:31.353944 #8106]  INFO -- : 0:  hashie (2.0.5) from /Users/aldo/.rvm/gems/ruby-2.0.0-p353/specifications/hashie-2.0.5.gemspec
I, [2014-06-04T19:54:31.354172 #8106]  INFO -- : 0:  rubyntlm (0.3.4) from /Users/aldo/.rvm/gems/ruby-2.0.0-p353/specifications/rubyntlm-0.3.4.gemspec
I, [2014-06-04T19:54:31.354397 #8106]  INFO -- : 0:  httpi (2.1.0) from /Users/aldo/.rvm/gems/ruby-2.0.0-p353/specifications/httpi-2.1.0.gemspec
I, [2014-06-04T19:54:31.354604 #8106]  INFO -- : 0:  json (1.8.1) from /Users/aldo/.rvm/gems/ruby-2.0.0-p353/specifications/json-1.8.1.gemspec
I, [2014-06-04T19:54:31.354798 #8106]  INFO -- : 0:  systemu (2.6.4) from /Users/aldo/.rvm/gems/ruby-2.0.0-p353/specifications/systemu-2.6.4.gemspec
I, [2014-06-04T19:54:31.354994 #8106]  INFO -- : 0:  macaddr (1.7.1) from /Users/aldo/.rvm/gems/ruby-2.0.0-p353/specifications/macaddr-1.7.1.gemspec
I, [2014-06-04T19:54:31.355191 #8106]  INFO -- : 0:  mime-types (1.25.1) from /Users/aldo/.rvm/gems/ruby-2.0.0-p353/specifications/mime-types-1.25.1.gemspec
I, [2014-06-04T19:54:31.355462 #8106]  INFO -- : 0:  nori (2.4.0) from /Users/aldo/.rvm/gems/ruby-2.0.0-p353/specifications/nori-2.4.0.gemspec
I, [2014-06-04T19:54:31.355765 #8106]  INFO -- : 0:  restforce (1.4.3) from /Users/aldo/.rvm/gems/ruby-2.0.0-p353/specifications/restforce-1.4.3.gemspec
I, [2014-06-04T19:54:31.356012 #8106]  INFO -- : 0:  uuid (2.3.7) from /Users/aldo/.rvm/gems/ruby-2.0.0-p353/specifications/uuid-2.3.7.gemspec
I, [2014-06-04T19:54:31.356231 #8106]  INFO -- : 0:  wasabi (3.3.0) from /Users/aldo/.rvm/gems/ruby-2.0.0-p353/specifications/wasabi-3.3.0.gemspec
I, [2014-06-04T19:54:31.356446 #8106]  INFO -- : 0:  savon (2.5.1) from /Users/aldo/.rvm/gems/ruby-2.0.0-p353/specifications/savon-2.5.1.gemspec
I, [2014-06-05T12:03:09.383476 #10785]  INFO -- : 0:  addressable (2.3.6) from /Users/aldo/.rvm/gems/ruby-2.0.0-p353/specifications/addressable-2.3.6.gemspec
I, [2014-06-05T12:03:09.383756 #10785]  INFO -- : 0:  builder (3.2.2) from /Users/aldo/.rvm/gems/ruby-2.0.0-p353/specifications/builder-3.2.2.gemspec
I, [2014-06-05T12:03:09.383995 #10785]  INFO -- : 0:  gyoku (1.1.1) from /Users/aldo/.rvm/gems/ruby-2.0.0-p353/specifications/gyoku-1.1.1.gemspec
I, [2014-06-05T12:03:09.384197 #10785]  INFO -- : 0:  mini_portile (0.6.0) from /Users/aldo/.rvm/gems/ruby-2.0.0-p353/specifications/mini_portile-0.6.0.gemspec
I, [2014-06-05T12:03:09.384407 #10785]  INFO -- : 0:  nokogiri (1.6.2.1) from /Users/aldo/.rvm/gems/ruby-2.0.0-p353/specifications/nokogiri-1.6.2.1.gemspec
I, [2014-06-05T12:03:09.384611 #10785]  INFO -- : 0:  akami (1.2.2) from /Users/aldo/.rvm/gems/ruby-2.0.0-p353/specifications/akami-1.2.2.gemspec
I, [2014-06-05T12:03:09.384815 #10785]  INFO -- : 0:  cookiejar (0.3.2) from /Users/aldo/.rvm/gems/ruby-2.0.0-p353/specifications/cookiejar-0.3.2.gemspec
I, [2014-06-05T12:03:09.385018 #10785]  INFO -- : 0:  eventmachine (1.0.3) from /Users/aldo/.rvm/gems/ruby-2.0.0-p353/specifications/eventmachine-1.0.3.gemspec
I, [2014-06-05T12:03:09.385224 #10785]  INFO -- : 0:  em-socksify (0.3.0) from /Users/aldo/.rvm/gems/ruby-2.0.0-p353/specifications/em-socksify-0.3.0.gemspec
I, [2014-06-05T12:03:09.385413 #10785]  INFO -- : 0:  http_parser.rb (0.6.0) from /Users/aldo/.rvm/gems/ruby-2.0.0-p353/specifications/http_parser.rb-0.6.0.gemspec
I, [2014-06-05T12:03:09.385617 #10785]  INFO -- : 0:  em-http-request (1.1.2) from /Users/aldo/.rvm/gems/ruby-2.0.0-p353/specifications/em-http-request-1.1.2.gemspec
I, [2014-06-05T12:03:09.385819 #10785]  INFO -- : 0:  multipart-post (1.2.0) from /Users/aldo/.rvm/gems/ruby-2.0.0-p353/specifications/multipart-post-1.2.0.gemspec
I, [2014-06-05T12:03:09.386018 #10785]  INFO -- : 0:  faraday (0.8.9) from /Users/aldo/.rvm/gems/ruby-2.0.0-p353/specifications/faraday-0.8.9.gemspec
I, [2014-06-05T12:03:09.386224 #10785]  INFO -- : 0:  faraday_middleware (0.9.1) from /Users/aldo/.rvm/gems/ruby-2.0.0-p353/specifications/faraday_middleware-0.9.1.gemspec
I, [2014-06-05T12:03:09.386413 #10785]  INFO -- : 0:  websocket-driver (0.3.3) from /Users/aldo/.rvm/gems/ruby-2.0.0-p353/specifications/websocket-driver-0.3.3.gemspec
I, [2014-06-05T12:03:09.386613 #10785]  INFO -- : 0:  faye-websocket (0.7.3) from /Users/aldo/.rvm/gems/ruby-2.0.0-p353/specifications/faye-websocket-0.7.3.gemspec
I, [2014-06-05T12:03:09.386834 #10785]  INFO -- : 0:  multi_json (1.10.1) from /Users/aldo/.rvm/gems/ruby-2.0.0-p353/specifications/multi_json-1.10.1.gemspec
I, [2014-06-05T12:03:09.387049 #10785]  INFO -- : 0:  rack (1.5.2) from /Users/aldo/.rvm/gems/ruby-2.0.0-p353/specifications/rack-1.5.2.gemspec
I, [2014-06-05T12:03:09.387250 #10785]  INFO -- : 0:  faye (1.0.1) from /Users/aldo/.rvm/gems/ruby-2.0.0-p353/specifications/faye-1.0.1.gemspec
I, [2014-06-05T12:03:09.387444 #10785]  INFO -- : 0:  hashie (2.0.5) from /Users/aldo/.rvm/gems/ruby-2.0.0-p353/specifications/hashie-2.0.5.gemspec
I, [2014-06-05T12:03:09.387633 #10785]  INFO -- : 0:  rubyntlm (0.3.4) from /Users/aldo/.rvm/gems/ruby-2.0.0-p353/specifications/rubyntlm-0.3.4.gemspec
I, [2014-06-05T12:03:09.387829 #10785]  INFO -- : 0:  httpi (2.1.0) from /Users/aldo/.rvm/gems/ruby-2.0.0-p353/specifications/httpi-2.1.0.gemspec
I, [2014-06-05T12:03:09.388031 #10785]  INFO -- : 0:  json (1.8.1) from /Users/aldo/.rvm/gems/ruby-2.0.0-p353/specifications/json-1.8.1.gemspec
I, [2014-06-05T12:03:09.388233 #10785]  INFO -- : 0:  systemu (2.6.4) from /Users/aldo/.rvm/gems/ruby-2.0.0-p353/specifications/systemu-2.6.4.gemspec
I, [2014-06-05T12:03:09.388433 #10785]  INFO -- : 0:  macaddr (1.7.1) from /Users/aldo/.rvm/gems/ruby-2.0.0-p353/specifications/macaddr-1.7.1.gemspec
I, [2014-06-05T12:03:09.388636 #10785]  INFO -- : 0:  mime-types (1.25.1) from /Users/aldo/.rvm/gems/ruby-2.0.0-p353/specifications/mime-types-1.25.1.gemspec
I, [2014-06-05T12:03:09.388824 #10785]  INFO -- : 0:  nori (2.4.0) from /Users/aldo/.rvm/gems/ruby-2.0.0-p353/specifications/nori-2.4.0.gemspec
I, [2014-06-05T12:03:09.389027 #10785]  INFO -- : 0:  restforce (1.4.3) from /Users/aldo/.rvm/gems/ruby-2.0.0-p353/specifications/restforce-1.4.3.gemspec
I, [2014-06-05T12:03:09.389226 #10785]  INFO -- : 0:  uuid (2.3.7) from /Users/aldo/.rvm/gems/ruby-2.0.0-p353/specifications/uuid-2.3.7.gemspec
I, [2014-06-05T12:03:09.389425 #10785]  INFO -- : 0:  wasabi (3.3.0) from /Users/aldo/.rvm/gems/ruby-2.0.0-p353/specifications/wasabi-3.3.0.gemspec
I, [2014-06-05T12:03:09.389627 #10785]  INFO -- : 0:  savon (2.5.1) from /Users/aldo/.rvm/gems/ruby-2.0.0-p353/specifications/savon-2.5.1.gemspec
I, [2014-06-05T12:03:09.389811 #10785]  INFO -- : 0:  bundler (1.5.1) from /Users/aldo/.rvm/gems/ruby-2.0.0-p353@global/specifications/bundler-1.5.1.gemspec
I, [2014-06-05T12:16:22.189588 #11090]  INFO -- : 0:  addressable (2.3.6) from /Users/aldo/.rvm/gems/ruby-2.0.0-p353/specifications/addressable-2.3.6.gemspec
I, [2014-06-05T12:16:22.189861 #11090]  INFO -- : 0:  builder (3.2.2) from /Users/aldo/.rvm/gems/ruby-2.0.0-p353/specifications/builder-3.2.2.gemspec
I, [2014-06-05T12:16:22.202172 #11090]  INFO -- : 0:  gyoku (1.1.1) from /Users/aldo/.rvm/gems/ruby-2.0.0-p353/specifications/gyoku-1.1.1.gemspec
I, [2014-06-05T12:16:22.202446 #11090]  INFO -- : 0:  mini_portile (0.6.0) from /Users/aldo/.rvm/gems/ruby-2.0.0-p353/specifications/mini_portile-0.6.0.gemspec
I, [2014-06-05T12:16:22.202633 #11090]  INFO -- : 0:  nokogiri (1.6.2.1) from /Users/aldo/.rvm/gems/ruby-2.0.0-p353/specifications/nokogiri-1.6.2.1.gemspec
I, [2014-06-05T12:16:22.202805 #11090]  INFO -- : 0:  akami (1.2.2) from /Users/aldo/.rvm/gems/ruby-2.0.0-p353/specifications/akami-1.2.2.gemspec
I, [2014-06-05T12:16:22.202972 #11090]  INFO -- : 0:  bundler (1.5.1) from /Users/aldo/.rvm/gems/ruby-2.0.0-p353@global/specifications/bundler-1.5.1.gemspec
I, [2014-06-05T12:16:22.203163 #11090]  INFO -- : 0:  cookiejar (0.3.2) from /Users/aldo/.rvm/gems/ruby-2.0.0-p353/specifications/cookiejar-0.3.2.gemspec
I, [2014-06-05T12:16:22.203352 #11090]  INFO -- : 0:  eventmachine (1.0.3) from /Users/aldo/.rvm/gems/ruby-2.0.0-p353/specifications/eventmachine-1.0.3.gemspec
I, [2014-06-05T12:16:22.203520 #11090]  INFO -- : 0:  em-socksify (0.3.0) from /Users/aldo/.rvm/gems/ruby-2.0.0-p353/specifications/em-socksify-0.3.0.gemspec
I, [2014-06-05T12:16:22.203689 #11090]  INFO -- : 0:  http_parser.rb (0.6.0) from /Users/aldo/.rvm/gems/ruby-2.0.0-p353/specifications/http_parser.rb-0.6.0.gemspec
I, [2014-06-05T12:16:22.203860 #11090]  INFO -- : 0:  em-http-request (1.1.2) from /Users/aldo/.rvm/gems/ruby-2.0.0-p353/specifications/em-http-request-1.1.2.gemspec
I, [2014-06-05T12:16:22.204052 #11090]  INFO -- : 0:  multipart-post (1.2.0) from /Users/aldo/.rvm/gems/ruby-2.0.0-p353/specifications/multipart-post-1.2.0.gemspec
I, [2014-06-05T12:16:22.204222 #11090]  INFO -- : 0:  faraday (0.8.9) from /Users/aldo/.rvm/gems/ruby-2.0.0-p353/specifications/faraday-0.8.9.gemspec
I, [2014-06-05T12:16:22.204398 #11090]  INFO -- : 0:  faraday_middleware (0.9.1) from /Users/aldo/.rvm/gems/ruby-2.0.0-p353/specifications/faraday_middleware-0.9.1.gemspec
I, [2014-06-05T12:16:22.204567 #11090]  INFO -- : 0:  websocket-driver (0.3.3) from /Users/aldo/.rvm/gems/ruby-2.0.0-p353/specifications/websocket-driver-0.3.3.gemspec
I, [2014-06-05T12:16:22.204740 #11090]  INFO -- : 0:  faye-websocket (0.7.3) from /Users/aldo/.rvm/gems/ruby-2.0.0-p353/specifications/faye-websocket-0.7.3.gemspec
I, [2014-06-05T12:16:22.204909 #11090]  INFO -- : 0:  rack (1.5.2) from /Users/aldo/.rvm/gems/ruby-2.0.0-p353/specifications/rack-1.5.2.gemspec
I, [2014-06-05T12:16:26.280389 #11090]  INFO -- : 0:  yajl-ruby (1.2.0) from /Users/aldo/.rvm/gems/ruby-2.0.0-p353/specifications/yajl-ruby-1.2.0.gemspec
I, [2014-06-05T12:16:29.152679 #11090]  INFO -- : 0:  faye (0.8.9) from /Users/aldo/.rvm/gems/ruby-2.0.0-p353/specifications/faye-0.8.9.gemspec
I, [2014-06-05T12:16:29.152971 #11090]  INFO -- : 0:  hashie (2.0.5) from /Users/aldo/.rvm/gems/ruby-2.0.0-p353/specifications/hashie-2.0.5.gemspec
I, [2014-06-05T12:16:29.153144 #11090]  INFO -- : 0:  rubyntlm (0.3.4) from /Users/aldo/.rvm/gems/ruby-2.0.0-p353/specifications/rubyntlm-0.3.4.gemspec
I, [2014-06-05T12:16:29.153307 #11090]  INFO -- : 0:  httpi (2.1.0) from /Users/aldo/.rvm/gems/ruby-2.0.0-p353/specifications/httpi-2.1.0.gemspec
I, [2014-06-05T12:16:29.153476 #11090]  INFO -- : 0:  json (1.8.1) from /Users/aldo/.rvm/gems/ruby-2.0.0-p353/specifications/json-1.8.1.gemspec
I, [2014-06-05T12:16:29.153634 #11090]  INFO -- : 0:  systemu (2.6.4) from /Users/aldo/.rvm/gems/ruby-2.0.0-p353/specifications/systemu-2.6.4.gemspec
I, [2014-06-05T12:16:29.153806 #11090]  INFO -- : 0:  macaddr (1.7.1) from /Users/aldo/.rvm/gems/ruby-2.0.0-p353/specifications/macaddr-1.7.1.gemspec
I, [2014-06-05T12:16:29.153976 #11090]  INFO -- : 0:  mime-types (1.25.1) from /Users/aldo/.rvm/gems/ruby-2.0.0-p353/specifications/mime-types-1.25.1.gemspec
I, [2014-06-05T12:16:29.154144 #11090]  INFO -- : 0:  nori (2.4.0) from /Users/aldo/.rvm/gems/ruby-2.0.0-p353/specifications/nori-2.4.0.gemspec
I, [2014-06-05T12:16:29.154311 #11090]  INFO -- : 0:  restforce (1.4.3) from /Users/aldo/.rvm/gems/ruby-2.0.0-p353/specifications/restforce-1.4.3.gemspec
I, [2014-06-05T12:16:29.154476 #11090]  INFO -- : 0:  uuid (2.3.7) from /Users/aldo/.rvm/gems/ruby-2.0.0-p353/specifications/uuid-2.3.7.gemspec
I, [2014-06-05T12:16:29.154639 #11090]  INFO -- : 0:  wasabi (3.3.0) from /Users/aldo/.rvm/gems/ruby-2.0.0-p353/specifications/wasabi-3.3.0.gemspec
I, [2014-06-05T12:16:29.154812 #11090]  INFO -- : 0:  savon (2.5.1) from /Users/aldo/.rvm/gems/ruby-2.0.0-p353/specifications/savon-2.5.1.gemspec
I, [2014-06-05T13:02:54.140556 #11960]  INFO -- : 0:  addressable (2.3.6) from /Users/aldo/.rvm/gems/ruby-2.0.0-p353/specifications/addressable-2.3.6.gemspec
I, [2014-06-05T13:02:54.140829 #11960]  INFO -- : 0:  bundler (1.5.1) from /Users/aldo/.rvm/gems/ruby-2.0.0-p353@global/specifications/bundler-1.5.1.gemspec
I, [2014-06-05T13:02:54.141043 #11960]  INFO -- : 0:  cookiejar (0.3.2) from /Users/aldo/.rvm/gems/ruby-2.0.0-p353/specifications/cookiejar-0.3.2.gemspec
I, [2014-06-05T13:02:54.141249 #11960]  INFO -- : 0:  eventmachine (1.0.3) from /Users/aldo/.rvm/gems/ruby-2.0.0-p353/specifications/eventmachine-1.0.3.gemspec
I, [2014-06-05T13:02:54.141452 #11960]  INFO -- : 0:  em-socksify (0.3.0) from /Users/aldo/.rvm/gems/ruby-2.0.0-p353/specifications/em-socksify-0.3.0.gemspec
I, [2014-06-05T13:02:54.141649 #11960]  INFO -- : 0:  http_parser.rb (0.6.0) from /Users/aldo/.rvm/gems/ruby-2.0.0-p353/specifications/http_parser.rb-0.6.0.gemspec
I, [2014-06-05T13:02:54.141849 #11960]  INFO -- : 0:  em-http-request (1.1.2) from /Users/aldo/.rvm/gems/ruby-2.0.0-p353/specifications/em-http-request-1.1.2.gemspec
I, [2014-06-05T13:02:54.142060 #11960]  INFO -- : 0:  multipart-post (1.2.0) from /Users/aldo/.rvm/gems/ruby-2.0.0-p353/specifications/multipart-post-1.2.0.gemspec
I, [2014-06-05T13:02:54.142260 #11960]  INFO -- : 0:  faraday (0.8.9) from /Users/aldo/.rvm/gems/ruby-2.0.0-p353/specifications/faraday-0.8.9.gemspec
I, [2014-06-05T13:02:54.142467 #11960]  INFO -- : 0:  faraday_middleware (0.9.1) from /Users/aldo/.rvm/gems/ruby-2.0.0-p353/specifications/faraday_middleware-0.9.1.gemspec
I, [2014-06-05T13:02:54.142666 #11960]  INFO -- : 0:  websocket-driver (0.3.3) from /Users/aldo/.rvm/gems/ruby-2.0.0-p353/specifications/websocket-driver-0.3.3.gemspec
I, [2014-06-05T13:02:54.142866 #11960]  INFO -- : 0:  faye-websocket (0.7.3) from /Users/aldo/.rvm/gems/ruby-2.0.0-p353/specifications/faye-websocket-0.7.3.gemspec
I, [2014-06-05T13:02:54.143064 #11960]  INFO -- : 0:  rack (1.5.2) from /Users/aldo/.rvm/gems/ruby-2.0.0-p353/specifications/rack-1.5.2.gemspec
I, [2014-06-05T13:02:54.143267 #11960]  INFO -- : 0:  yajl-ruby (1.2.0) from /Users/aldo/.rvm/gems/ruby-2.0.0-p353/specifications/yajl-ruby-1.2.0.gemspec
I, [2014-06-05T13:02:56.864050 #11960]  INFO -- : 0:  faye (0.8.3) from /Users/aldo/.rvm/gems/ruby-2.0.0-p353/specifications/faye-0.8.3.gemspec
I, [2014-06-05T13:02:56.864349 #11960]  INFO -- : 0:  hashie (2.0.5) from /Users/aldo/.rvm/gems/ruby-2.0.0-p353/specifications/hashie-2.0.5.gemspec
I, [2014-06-05T13:02:56.864543 #11960]  INFO -- : 0:  json (1.8.1) from /Users/aldo/.rvm/gems/ruby-2.0.0-p353/specifications/json-1.8.1.gemspec
I, [2014-06-05T13:02:56.864724 #11960]  INFO -- : 0:  restforce (1.4.3) from /Users/aldo/.rvm/gems/ruby-2.0.0-p353/specifications/restforce-1.4.3.gemspec
I, [2014-06-05T13:28:33.114990 #12668]  INFO -- : 0:  addressable (2.3.6) from /Users/aldo/.rvm/gems/ruby-2.0.0-p353/specifications/addressable-2.3.6.gemspec
I, [2014-06-05T13:28:33.115291 #12668]  INFO -- : 0:  cookiejar (0.3.2) from /Users/aldo/.rvm/gems/ruby-2.0.0-p353/specifications/cookiejar-0.3.2.gemspec
I, [2014-06-05T13:28:33.115491 #12668]  INFO -- : 0:  eventmachine (1.0.3) from /Users/aldo/.rvm/gems/ruby-2.0.0-p353/specifications/eventmachine-1.0.3.gemspec
I, [2014-06-05T13:28:33.115692 #12668]  INFO -- : 0:  em-socksify (0.3.0) from /Users/aldo/.rvm/gems/ruby-2.0.0-p353/specifications/em-socksify-0.3.0.gemspec
I, [2014-06-05T13:28:33.115887 #12668]  INFO -- : 0:  http_parser.rb (0.6.0) from /Users/aldo/.rvm/gems/ruby-2.0.0-p353/specifications/http_parser.rb-0.6.0.gemspec
I, [2014-06-05T13:28:33.116091 #12668]  INFO -- : 0:  em-http-request (1.1.2) from /Users/aldo/.rvm/gems/ruby-2.0.0-p353/specifications/em-http-request-1.1.2.gemspec
I, [2014-06-05T13:28:33.116295 #12668]  INFO -- : 0:  multipart-post (1.2.0) from /Users/aldo/.rvm/gems/ruby-2.0.0-p353/specifications/multipart-post-1.2.0.gemspec
I, [2014-06-05T13:28:33.116493 #12668]  INFO -- : 0:  faraday (0.8.9) from /Users/aldo/.rvm/gems/ruby-2.0.0-p353/specifications/faraday-0.8.9.gemspec
I, [2014-06-05T13:28:33.116708 #12668]  INFO -- : 0:  faraday_middleware (0.9.1) from /Users/aldo/.rvm/gems/ruby-2.0.0-p353/specifications/faraday_middleware-0.9.1.gemspec
I, [2014-06-05T13:28:33.116900 #12668]  INFO -- : 0:  websocket-driver (0.3.3) from /Users/aldo/.rvm/gems/ruby-2.0.0-p353/specifications/websocket-driver-0.3.3.gemspec
I, [2014-06-05T13:28:33.117100 #12668]  INFO -- : 0:  faye-websocket (0.7.3) from /Users/aldo/.rvm/gems/ruby-2.0.0-p353/specifications/faye-websocket-0.7.3.gemspec
I, [2014-06-05T13:28:33.117301 #12668]  INFO -- : 0:  rack (1.5.2) from /Users/aldo/.rvm/gems/ruby-2.0.0-p353/specifications/rack-1.5.2.gemspec
I, [2014-06-05T13:28:33.117504 #12668]  INFO -- : 0:  yajl-ruby (1.2.0) from /Users/aldo/.rvm/gems/ruby-2.0.0-p353/specifications/yajl-ruby-1.2.0.gemspec
I, [2014-06-05T13:28:33.117708 #12668]  INFO -- : 0:  faye (0.8.3) from /Users/aldo/.rvm/gems/ruby-2.0.0-p353/specifications/faye-0.8.3.gemspec
I, [2014-06-05T13:28:33.117913 #12668]  INFO -- : 0:  hashie (2.0.5) from /Users/aldo/.rvm/gems/ruby-2.0.0-p353/specifications/hashie-2.0.5.gemspec
I, [2014-06-05T13:28:33.118115 #12668]  INFO -- : 0:  json (1.8.1) from /Users/aldo/.rvm/gems/ruby-2.0.0-p353/specifications/json-1.8.1.gemspec
I, [2014-06-05T13:28:33.118321 #12668]  INFO -- : 0:  restforce (1.4.3) from /Users/aldo/.rvm/gems/ruby-2.0.0-p353/specifications/restforce-1.4.3.gemspec
I, [2014-06-05T13:28:33.118516 #12668]  INFO -- : 0:  bundler (1.5.1) from /Users/aldo/.rvm/gems/ruby-2.0.0-p353@global/specifications/bundler-1.5.1.gemspec
I, [2014-06-05T14:34:42.362489 #13451]  INFO -- : 0:  addressable (2.3.6) from /Users/aldo/.rvm/gems/ruby-2.0.0-p353/specifications/addressable-2.3.6.gemspec
I, [2014-06-05T14:34:42.362758 #13451]  INFO -- : 0:  bundler (1.5.1) from /Users/aldo/.rvm/gems/ruby-2.0.0-p353@global/specifications/bundler-1.5.1.gemspec
I, [2014-06-05T14:34:42.362980 #13451]  INFO -- : 0:  cookiejar (0.3.2) from /Users/aldo/.rvm/gems/ruby-2.0.0-p353/specifications/cookiejar-0.3.2.gemspec
I, [2014-06-05T14:34:42.363185 #13451]  INFO -- : 0:  eventmachine (1.0.3) from /Users/aldo/.rvm/gems/ruby-2.0.0-p353/specifications/eventmachine-1.0.3.gemspec
I, [2014-06-05T14:34:42.363390 #13451]  INFO -- : 0:  em-socksify (0.3.0) from /Users/aldo/.rvm/gems/ruby-2.0.0-p353/specifications/em-socksify-0.3.0.gemspec
I, [2014-06-05T14:34:42.363581 #13451]  INFO -- : 0:  http_parser.rb (0.6.0) from /Users/aldo/.rvm/gems/ruby-2.0.0-p353/specifications/http_parser.rb-0.6.0.gemspec
I, [2014-06-05T14:34:42.363784 #13451]  INFO -- : 0:  em-http-request (1.1.2) from /Users/aldo/.rvm/gems/ruby-2.0.0-p353/specifications/em-http-request-1.1.2.gemspec
I, [2014-06-05T14:34:42.363989 #13451]  INFO -- : 0:  multipart-post (1.2.0) from /Users/aldo/.rvm/gems/ruby-2.0.0-p353/specifications/multipart-post-1.2.0.gemspec
I, [2014-06-05T14:34:42.364226 #13451]  INFO -- : 0:  faraday (0.8.9) from /Users/aldo/.rvm/gems/ruby-2.0.0-p353/specifications/faraday-0.8.9.gemspec
I, [2014-06-05T14:34:42.364428 #13451]  INFO -- : 0:  faraday_middleware (0.9.1) from /Users/aldo/.rvm/gems/ruby-2.0.0-p353/specifications/faraday_middleware-0.9.1.gemspec
I, [2014-06-05T14:34:42.364631 #13451]  INFO -- : 0:  websocket-driver (0.3.3) from /Users/aldo/.rvm/gems/ruby-2.0.0-p353/specifications/websocket-driver-0.3.3.gemspec
I, [2014-06-05T14:34:42.364821 #13451]  INFO -- : 0:  faye-websocket (0.7.3) from /Users/aldo/.rvm/gems/ruby-2.0.0-p353/specifications/faye-websocket-0.7.3.gemspec
I, [2014-06-05T14:34:42.365022 #13451]  INFO -- : 0:  rack (1.5.2) from /Users/aldo/.rvm/gems/ruby-2.0.0-p353/specifications/rack-1.5.2.gemspec
I, [2014-06-05T14:34:42.365225 #13451]  INFO -- : 0:  yajl-ruby (1.2.0) from /Users/aldo/.rvm/gems/ruby-2.0.0-p353/specifications/yajl-ruby-1.2.0.gemspec
I, [2014-06-05T14:34:42.365427 #13451]  INFO -- : 0:  faye (0.8.3) from /Users/aldo/.rvm/gems/ruby-2.0.0-p353/specifications/faye-0.8.3.gemspec
I, [2014-06-05T14:34:42.365631 #13451]  INFO -- : 0:  hashie (2.0.5) from /Users/aldo/.rvm/gems/ruby-2.0.0-p353/specifications/hashie-2.0.5.gemspec
I, [2014-06-05T14:34:42.365832 #13451]  INFO -- : 0:  json (1.8.1) from /Users/aldo/.rvm/gems/ruby-2.0.0-p353/specifications/json-1.8.1.gemspec
I, [2014-06-05T14:34:42.366027 #13451]  INFO -- : 0:  restforce (1.4.3) from /Users/aldo/.rvm/gems/ruby-2.0.0-p353/specifications/restforce-1.4.3.gemspec
I, [2014-06-05T14:39:14.527550 #13760]  INFO -- : 0:  addressable (2.3.6) from /Users/aldo/.rvm/gems/ruby-2.0.0-p353/specifications/addressable-2.3.6.gemspec
I, [2014-06-05T14:39:14.527825 #13760]  INFO -- : 0:  bundler (1.5.1) from /Users/aldo/.rvm/gems/ruby-2.0.0-p353@global/specifications/bundler-1.5.1.gemspec
I, [2014-06-05T14:39:14.528032 #13760]  INFO -- : 0:  cookiejar (0.3.2) from /Users/aldo/.rvm/gems/ruby-2.0.0-p353/specifications/cookiejar-0.3.2.gemspec
I, [2014-06-05T14:39:14.528243 #13760]  INFO -- : 0:  eventmachine (1.0.3) from /Users/aldo/.rvm/gems/ruby-2.0.0-p353/specifications/eventmachine-1.0.3.gemspec
I, [2014-06-05T14:39:14.528451 #13760]  INFO -- : 0:  em-socksify (0.3.0) from /Users/aldo/.rvm/gems/ruby-2.0.0-p353/specifications/em-socksify-0.3.0.gemspec
I, [2014-06-05T14:39:14.528673 #13760]  INFO -- : 0:  http_parser.rb (0.6.0) from /Users/aldo/.rvm/gems/ruby-2.0.0-p353/specifications/http_parser.rb-0.6.0.gemspec
I, [2014-06-05T14:39:14.528879 #13760]  INFO -- : 0:  em-http-request (1.1.2) from /Users/aldo/.rvm/gems/ruby-2.0.0-p353/specifications/em-http-request-1.1.2.gemspec
I, [2014-06-05T14:39:14.529083 #13760]  INFO -- : 0:  multipart-post (1.2.0) from /Users/aldo/.rvm/gems/ruby-2.0.0-p353/specifications/multipart-post-1.2.0.gemspec
I, [2014-06-05T14:39:14.529273 #13760]  INFO -- : 0:  faraday (0.8.9) from /Users/aldo/.rvm/gems/ruby-2.0.0-p353/specifications/faraday-0.8.9.gemspec
I, [2014-06-05T14:39:14.529483 #13760]  INFO -- : 0:  faraday_middleware (0.9.1) from /Users/aldo/.rvm/gems/ruby-2.0.0-p353/specifications/faraday_middleware-0.9.1.gemspec
I, [2014-06-05T14:39:14.529688 #13760]  INFO -- : 0:  websocket-driver (0.3.3) from /Users/aldo/.rvm/gems/ruby-2.0.0-p353/specifications/websocket-driver-0.3.3.gemspec
I, [2014-06-05T14:39:14.529891 #13760]  INFO -- : 0:  faye-websocket (0.7.3) from /Users/aldo/.rvm/gems/ruby-2.0.0-p353/specifications/faye-websocket-0.7.3.gemspec
I, [2014-06-05T14:39:14.530110 #13760]  INFO -- : 0:  multi_json (1.10.1) from /Users/aldo/.rvm/gems/ruby-2.0.0-p353/specifications/multi_json-1.10.1.gemspec
I, [2014-06-05T14:39:14.530313 #13760]  INFO -- : 0:  rack (1.5.2) from /Users/aldo/.rvm/gems/ruby-2.0.0-p353/specifications/rack-1.5.2.gemspec
I, [2014-06-05T14:39:14.530505 #13760]  INFO -- : 0:  faye (1.0.1) from /Users/aldo/.rvm/gems/ruby-2.0.0-p353/specifications/faye-1.0.1.gemspec
I, [2014-06-05T14:39:14.530714 #13760]  INFO -- : 0:  hashie (2.0.5) from /Users/aldo/.rvm/gems/ruby-2.0.0-p353/specifications/hashie-2.0.5.gemspec
I, [2014-06-05T14:39:14.530918 #13760]  INFO -- : 0:  json (1.8.1) from /Users/aldo/.rvm/gems/ruby-2.0.0-p353/specifications/json-1.8.1.gemspec
I, [2014-06-05T14:39:14.531123 #13760]  INFO -- : 0:  restforce (1.4.3) from /Users/aldo/.rvm/gems/ruby-2.0.0-p353/specifications/restforce-1.4.3.gemspec
